<?xml version="1.0" encoding="UTF-8"?>
<!-- Generated by org.testng.reporters.JUnitReportReporter -->
<testsuite hostname="DESKTOP-657R7NR" failures="0" tests="1" name="com.qa.testscript.TC_Links_02" time="1.117" errors="0" timestamp="2021-06-27T13:54:49 IST" skipped="0">
  <testcase classname="com.qa.testscript.TC_Links_02" name="Links" time="1.117"/>
  <system-out/>
</testsuite> <!-- com.qa.testscript.TC_Links_02 -->
