<?xml version="1.0" encoding="UTF-8"?>
<!-- Generated by org.testng.reporters.JUnitReportReporter -->
<testsuite skipped="0" hostname="DESKTOP-657R7NR" name="com.qa.testscript.TC_Links_02" tests="1" failures="0" timestamp="2021-06-28T12:13:07 IST" time="0.576" errors="0">
  <testcase name="Links" time="0.576" classname="com.qa.testscript.TC_Links_02"/>
  <system-out/>
</testsuite> <!-- com.qa.testscript.TC_Links_02 -->
