<?xml version="1.0" encoding="UTF-8"?>
<!-- Generated by org.testng.reporters.JUnitReportReporter -->
<testsuite skipped="0" hostname="DESKTOP-657R7NR" name="com.qa.testscript.TC_Searching_01" tests="1" failures="0" timestamp="2021-06-28T12:13:07 IST" time="12.495" errors="0">
  <testcase name="searching" time="12.495" classname="com.qa.testscript.TC_Searching_01"/>
  <system-out>
Item is Searched  </system-out>
</testsuite> <!-- com.qa.testscript.TC_Searching_01 -->
